<?xml version="1.0" encoding="UTF-8"?>
<testsuites name="PREM NEW SUITE" time="9.301" tests="1" failures="0" errors="0">
   <testsuite name="PREM NEW SUITE" tests="1" failures="0" errors="0" time="9.301" skipped="0" timestamp="2023-06-16 19:41:42" hostname="premKumarsingh - DESKTOP-CMSF7SI" id="Test Suites/PREM NEW SUITE">
      <properties>
         <property name="deviceName" value=""/>
         <property name="devicePlatform" value=""/>
         <property name="logFolder" value="C:\\Users\\premKumarsingh\\git\\katalon\\katalon\\Reports\\20230616_194137\\PREM NEW SUITE\\20230616_194137"/>
         <property name="logFiles" value="C:\\Users\\premKumarsingh\\git\\katalon\\katalon\\Reports\\20230616_194137\\PREM NEW SUITE\\20230616_194137\\execution0.log"/>
         <property name="attachments" value=""/>
         <property name="hostName" value="premKumarsingh - DESKTOP-CMSF7SI"/>
         <property name="os" value="Windows 10 64bit"/>
         <property name="katalonVersion" value="8.4.1.208"/>
         <property name="browser" value="Chrome 114.0.0.0"/>
         <property name="hostAddress" value="192.168.0.104"/>
         <property name="sessionId" value="630ea010528983403b8431dda1b85f15"/>
         <property name="seleniumVersion" value="3.141.59"/>
         <property name="proxyInformation" value="ProxyInformation { proxyOption=NO_PROXY, proxyServerType=HTTP, username=, password=********, proxyServerAddress=, proxyServerPort=0, executionList=&quot;&quot;, isApplyToDesiredCapabilities=true }"/>
         <property name="platform" value="Windows 10"/>
      </properties>
      <testcase name="Test Cases/New Test Case" time="8.896" classname="Test Cases/New Test Case" status="PASSED">
         <system-out><![CDATA[2023-06-16 19:41:42 - [TEST_CASE][PASSED] - Test Cases/New Test Case: Test Cases/New Test Case

2023-06-16 19:41:43 - [TEST_STEP][PASSED] - openBrowser(""): Browser is opened with url: ''

2023-06-16 19:41:43 - [MESSAGE][INFO] - Starting 'Chrome' driver

2023-06-16 19:41:43 - [MESSAGE][INFO] - Action delay is set to 0 milliseconds

2023-06-16 19:41:46 - [MESSAGE][PASSED] - Browser is opened with url: ''

2023-06-16 19:41:46 - [TEST_STEP][PASSED] - navigateToUrl("https://stockx.com/news/"): Navigate to 'https://stockx.com/news/' successfully

2023-06-16 19:41:51 - [MESSAGE][PASSED] - Navigate to 'https://stockx.com/news/' successfully]]></system-out>
         <system-err><![CDATA[]]></system-err>
      </testcase>
      <system-out><![CDATA[2023-06-16 19:41:42 - [TEST_SUITE][PASSED] - PREM NEW SUITE: Test Cases/New Test Case]]></system-out>
      <system-err><![CDATA[]]></system-err>
   </testsuite>
</testsuites>
